Compiled application.js  (11ms)  (pid 13044)
Compiled application.css  (1ms)  (pid 13044)
Compiled mercury.js  (1ms)  (pid 13044)
Compiled mercury.css  (1ms)  (pid 13044)
Compiled application.js  (0ms)  (pid 13044)
Compiled application.css  (1ms)  (pid 13044)
Compiled mercury.js  (1ms)  (pid 13044)
Compiled mercury.css  (1ms)  (pid 13044)
Compiled jquery.js  (19ms)  (pid 16508)
Compiled jquery_ujs.js  (0ms)  (pid 16508)
Compiled application.js  (213ms)  (pid 16508)
Compiled application.css  (1ms)  (pid 16508)
Compiled mercury/dependencies/jquery-ui-1.8.13.custom.js  (2ms)  (pid 16508)
Compiled mercury/dependencies/jquery.additions.js  (0ms)  (pid 16508)
Compiled mercury/dependencies/jquery.htmlClean.js  (76ms)  (pid 16508)
Compiled mercury/dependencies/liquidmetal.js  (0ms)  (pid 16508)
Compiled mercury/dependencies/showdown.js  (1ms)  (pid 16508)
Compiled mercury/native_extensions.js  (244ms)  (pid 16508)
Compiled mercury/page_editor.js  (301ms)  (pid 16508)
Compiled mercury/history_buffer.js  (232ms)  (pid 16508)
Compiled mercury/table_editor.js  (294ms)  (pid 16508)
Compiled mercury/dialog.js  (242ms)  (pid 16508)
Compiled mercury/palette.js  (236ms)  (pid 16508)
Compiled mercury/select.js  (238ms)  (pid 16508)
Compiled mercury/panel.js  (255ms)  (pid 16508)
Compiled mercury/modal.js  (275ms)  (pid 16508)
Compiled mercury/lightview.js  (340ms)  (pid 16508)
Compiled mercury/statusbar.js  (242ms)  (pid 16508)
Compiled mercury/toolbar.js  (258ms)  (pid 16508)
Compiled mercury/toolbar.button.js  (272ms)  (pid 16508)
Compiled mercury/toolbar.button_group.js  (231ms)  (pid 16508)
Compiled mercury/toolbar.expander.js  (322ms)  (pid 16508)
Compiled mercury/tooltip.js  (238ms)  (pid 16508)
Compiled mercury/snippet.js  (296ms)  (pid 16508)
Compiled mercury/snippet_toolbar.js  (285ms)  (pid 16508)
Compiled mercury/region.js  (304ms)  (pid 16508)
Compiled mercury/uploader.js  (374ms)  (pid 16508)
Compiled mercury/regions/full.js  (336ms)  (pid 16508)
Compiled mercury/regions/image.js  (236ms)  (pid 16508)
Compiled mercury/regions/markdown.js  (303ms)  (pid 16508)
Compiled mercury/regions/simple.js  (284ms)  (pid 16508)
Compiled mercury/regions/snippets.js  (300ms)  (pid 16508)
Compiled mercury/dialogs/backcolor.js  (215ms)  (pid 16508)
Compiled mercury/dialogs/forecolor.js  (212ms)  (pid 16508)
Compiled mercury/dialogs/formatblock.js  (210ms)  (pid 16508)
Compiled mercury/dialogs/snippetpanel.js  (219ms)  (pid 16508)
Compiled mercury/dialogs/style.js  (217ms)  (pid 16508)
Compiled mercury/modals/htmleditor.js  (272ms)  (pid 16508)
Compiled mercury/modals/insertcharacter.js  (214ms)  (pid 16508)
Compiled mercury/modals/insertlink.js  (259ms)  (pid 16508)
Compiled mercury/modals/insertmedia.js  (262ms)  (pid 16508)
Compiled mercury/modals/insertsnippet.js  (215ms)  (pid 16508)
Compiled mercury/modals/inserttable.js  (230ms)  (pid 16508)
Compiled mercury/finalize.js  (263ms)  (pid 16508)
Compiled mercury/mercury.js  (10823ms)  (pid 16508)
Compiled mercury.js  (10841ms)  (pid 16508)
Compiled mercury/bootstrap-ish.css  (0ms)  (pid 16508)
Compiled mercury/bootstrap-overrides.css  (0ms)  (pid 16508)
Compiled mercury/dialog.css  (0ms)  (pid 16508)
Compiled mercury/lightview.css  (1ms)  (pid 16508)
Compiled mercury/modal.css  (0ms)  (pid 16508)
Compiled mercury/statusbar.css  (0ms)  (pid 16508)
Compiled mercury/toolbar.css  (0ms)  (pid 16508)
Compiled mercury/tooltip.css  (0ms)  (pid 16508)
Compiled mercury/uploader.css  (0ms)  (pid 16508)
Compiled mercury/all_images.css  (6ms)  (pid 16508)
Compiled mercury/mercury.css  (72ms)  (pid 16508)
Compiled mercury.css  (90ms)  (pid 16508)
Compiled jquery.js  (55ms)  (pid 16508)
Compiled jquery_ujs.js  (1ms)  (pid 16508)
Compiled application.js  (77ms)  (pid 16508)
Compiled application.css  (1ms)  (pid 16508)
Compiled mercury/dependencies/jquery-ui-1.8.13.custom.js  (1ms)  (pid 16508)
Compiled mercury/dependencies/jquery.additions.js  (1ms)  (pid 16508)
Compiled mercury/dependencies/jquery.htmlClean.js  (1ms)  (pid 16508)
Compiled mercury/dependencies/liquidmetal.js  (0ms)  (pid 16508)
Compiled mercury/dependencies/showdown.js  (1ms)  (pid 16508)
Compiled mercury/native_extensions.js  (197ms)  (pid 16508)
Compiled mercury/page_editor.js  (247ms)  (pid 16508)
Compiled mercury/history_buffer.js  (212ms)  (pid 16508)
Compiled mercury/table_editor.js  (272ms)  (pid 16508)
Compiled mercury/dialog.js  (202ms)  (pid 16508)
Compiled mercury/palette.js  (194ms)  (pid 16508)
Compiled mercury/select.js  (196ms)  (pid 16508)
Compiled mercury/panel.js  (210ms)  (pid 16508)
Compiled mercury/modal.js  (256ms)  (pid 16508)
Compiled mercury/lightview.js  (298ms)  (pid 16508)
Compiled mercury/statusbar.js  (209ms)  (pid 16508)
Compiled mercury/toolbar.js  (216ms)  (pid 16508)
Compiled mercury/toolbar.button.js  (256ms)  (pid 16508)
Compiled mercury/toolbar.button_group.js  (222ms)  (pid 16508)
Compiled mercury/toolbar.expander.js  (267ms)  (pid 16508)
Compiled mercury/tooltip.js  (210ms)  (pid 16508)
Compiled mercury/snippet.js  (210ms)  (pid 16508)
Compiled mercury/snippet_toolbar.js  (204ms)  (pid 16508)
Compiled mercury/region.js  (257ms)  (pid 16508)
Compiled mercury/uploader.js  (284ms)  (pid 16508)
Compiled mercury/regions/full.js  (323ms)  (pid 16508)
Compiled mercury/regions/image.js  (235ms)  (pid 16508)
Compiled mercury/regions/markdown.js  (301ms)  (pid 16508)
Compiled mercury/regions/simple.js  (276ms)  (pid 16508)
Compiled mercury/regions/snippets.js  (302ms)  (pid 16508)
Compiled mercury/dialogs/backcolor.js  (207ms)  (pid 16508)
Compiled mercury/dialogs/forecolor.js  (208ms)  (pid 16508)
Compiled mercury/dialogs/formatblock.js  (203ms)  (pid 16508)
Compiled mercury/dialogs/snippetpanel.js  (205ms)  (pid 16508)
Compiled mercury/dialogs/style.js  (199ms)  (pid 16508)
Compiled mercury/modals/htmleditor.js  (257ms)  (pid 16508)
Compiled mercury/modals/insertcharacter.js  (209ms)  (pid 16508)
Compiled mercury/modals/insertlink.js  (245ms)  (pid 16508)
Compiled mercury/modals/insertmedia.js  (252ms)  (pid 16508)
Compiled mercury/modals/insertsnippet.js  (190ms)  (pid 16508)
Compiled mercury/modals/inserttable.js  (198ms)  (pid 16508)
Compiled mercury/finalize.js  (232ms)  (pid 16508)
Compiled mercury/mercury.js  (9511ms)  (pid 16508)
Compiled mercury.js  (9530ms)  (pid 16508)
Compiled mercury/bootstrap-ish.css  (0ms)  (pid 16508)
Compiled mercury/bootstrap-overrides.css  (1ms)  (pid 16508)
Compiled mercury/dialog.css  (0ms)  (pid 16508)
Compiled mercury/lightview.css  (0ms)  (pid 16508)
Compiled mercury/modal.css  (0ms)  (pid 16508)
Compiled mercury/statusbar.css  (0ms)  (pid 16508)
Compiled mercury/toolbar.css  (0ms)  (pid 16508)
Compiled mercury/tooltip.css  (0ms)  (pid 16508)
Compiled mercury/uploader.css  (0ms)  (pid 16508)
Compiled mercury/all_images.css  (5ms)  (pid 16508)
Compiled mercury/mercury.css  (64ms)  (pid 16508)
Compiled mercury.css  (79ms)  (pid 16508)
Compiled application.js  (1ms)  (pid 18094)
Compiled application.css  (1ms)  (pid 18094)
Compiled mercury.js  (0ms)  (pid 18094)
Compiled mercury.css  (0ms)  (pid 18094)
Compiled application.js  (0ms)  (pid 18094)
Compiled application.css  (0ms)  (pid 18094)
Compiled mercury.js  (1ms)  (pid 18094)
Compiled mercury.css  (0ms)  (pid 18094)
Compiled jquery.js  (5ms)  (pid 30374)
Compiled jquery_ujs.js  (0ms)  (pid 30374)
Compiled application.js  (82ms)  (pid 30374)
Compiled application.css  (1ms)  (pid 30374)
Compiled mercury/dependencies/jquery-ui-1.8.13.custom.js  (1ms)  (pid 30374)
Compiled mercury/dependencies/jquery.additions.js  (0ms)  (pid 30374)
Compiled mercury/dependencies/jquery.htmlClean.js  (0ms)  (pid 30374)
Compiled mercury/dependencies/liquidmetal.js  (0ms)  (pid 30374)
Compiled mercury/dependencies/showdown.js  (1ms)  (pid 30374)
Compiled mercury/native_extensions.js  (274ms)  (pid 30374)
Compiled mercury/page_editor.js  (279ms)  (pid 30374)
Compiled mercury/history_buffer.js  (193ms)  (pid 30374)
Compiled mercury/table_editor.js  (273ms)  (pid 30374)
Compiled mercury/dialog.js  (213ms)  (pid 30374)
Compiled mercury/palette.js  (252ms)  (pid 30374)
Compiled mercury/select.js  (202ms)  (pid 30374)
Compiled mercury/panel.js  (236ms)  (pid 30374)
Compiled mercury/modal.js  (266ms)  (pid 30374)
Compiled mercury/lightview.js  (273ms)  (pid 30374)
Compiled mercury/statusbar.js  (221ms)  (pid 30374)
Compiled mercury/toolbar.js  (251ms)  (pid 30374)
Compiled mercury/toolbar.button.js  (255ms)  (pid 30374)
Compiled mercury/toolbar.button_group.js  (213ms)  (pid 30374)
Compiled mercury/toolbar.expander.js  (229ms)  (pid 30374)
Compiled mercury/tooltip.js  (304ms)  (pid 30374)
Compiled mercury/snippet.js  (243ms)  (pid 30374)
Compiled mercury/snippet_toolbar.js  (222ms)  (pid 30374)
Compiled mercury/region.js  (223ms)  (pid 30374)
Compiled mercury/uploader.js  (261ms)  (pid 30374)
Compiled mercury/regions/full.js  (397ms)  (pid 30374)
Compiled mercury/regions/image.js  (224ms)  (pid 30374)
Compiled mercury/regions/markdown.js  (331ms)  (pid 30374)
Compiled mercury/regions/simple.js  (303ms)  (pid 30374)
Compiled mercury/regions/snippets.js  (267ms)  (pid 30374)
Compiled mercury/dialogs/backcolor.js  (259ms)  (pid 30374)
Compiled mercury/dialogs/forecolor.js  (194ms)  (pid 30374)
Compiled mercury/dialogs/formatblock.js  (185ms)  (pid 30374)
Compiled mercury/dialogs/snippetpanel.js  (186ms)  (pid 30374)
Compiled mercury/dialogs/style.js  (178ms)  (pid 30374)
Compiled mercury/modals/htmleditor.js  (183ms)  (pid 30374)
Compiled mercury/modals/insertcharacter.js  (190ms)  (pid 30374)
Compiled mercury/modals/insertlink.js  (245ms)  (pid 30374)
Compiled mercury/modals/insertmedia.js  (258ms)  (pid 30374)
Compiled mercury/modals/insertsnippet.js  (212ms)  (pid 30374)
Compiled mercury/modals/inserttable.js  (228ms)  (pid 30374)
Compiled mercury/finalize.js  (187ms)  (pid 30374)
Compiled mercury/mercury.js  (9980ms)  (pid 30374)
Compiled mercury.js  (10003ms)  (pid 30374)
Compiled mercury/bootstrap-ish.css  (0ms)  (pid 30374)
Compiled mercury/bootstrap-overrides.css  (0ms)  (pid 30374)
Compiled mercury/dialog.css  (0ms)  (pid 30374)
Compiled mercury/lightview.css  (0ms)  (pid 30374)
Compiled mercury/modal.css  (0ms)  (pid 30374)
Compiled mercury/statusbar.css  (0ms)  (pid 30374)
Compiled mercury/toolbar.css  (0ms)  (pid 30374)
Compiled mercury/tooltip.css  (0ms)  (pid 30374)
Compiled mercury/uploader.css  (0ms)  (pid 30374)
Compiled mercury/all_images.css  (5ms)  (pid 30374)
Compiled mercury/mercury.css  (69ms)  (pid 30374)
Compiled mercury.css  (87ms)  (pid 30374)
Compiled jquery.js  (7ms)  (pid 30374)
Compiled jquery_ujs.js  (0ms)  (pid 30374)
Compiled application.js  (93ms)  (pid 30374)
Compiled application.css  (1ms)  (pid 30374)
Compiled mercury/dependencies/jquery-ui-1.8.13.custom.js  (2ms)  (pid 30374)
Compiled mercury/dependencies/jquery.additions.js  (1ms)  (pid 30374)
Compiled mercury/dependencies/jquery.htmlClean.js  (1ms)  (pid 30374)
Compiled mercury/dependencies/liquidmetal.js  (0ms)  (pid 30374)
Compiled mercury/dependencies/showdown.js  (0ms)  (pid 30374)
Compiled mercury/native_extensions.js  (217ms)  (pid 30374)
Compiled mercury/page_editor.js  (361ms)  (pid 30374)
Compiled mercury/history_buffer.js  (209ms)  (pid 30374)
Compiled mercury/table_editor.js  (310ms)  (pid 30374)
Compiled mercury/dialog.js  (242ms)  (pid 30374)
Compiled mercury/palette.js  (242ms)  (pid 30374)
Compiled mercury/select.js  (242ms)  (pid 30374)
Compiled mercury/panel.js  (270ms)  (pid 30374)
Compiled mercury/modal.js  (305ms)  (pid 30374)
Compiled mercury/lightview.js  (263ms)  (pid 30374)
Compiled mercury/statusbar.js  (234ms)  (pid 30374)
Compiled mercury/toolbar.js  (312ms)  (pid 30374)
Compiled mercury/toolbar.button.js  (264ms)  (pid 30374)
Compiled mercury/toolbar.button_group.js  (225ms)  (pid 30374)
Compiled mercury/toolbar.expander.js  (215ms)  (pid 30374)
Compiled mercury/tooltip.js  (213ms)  (pid 30374)
Compiled mercury/snippet.js  (235ms)  (pid 30374)
Compiled mercury/snippet_toolbar.js  (288ms)  (pid 30374)
Compiled mercury/region.js  (227ms)  (pid 30374)
Compiled mercury/uploader.js  (257ms)  (pid 30374)
Compiled mercury/regions/full.js  (347ms)  (pid 30374)
Compiled mercury/regions/image.js  (230ms)  (pid 30374)
Compiled mercury/regions/markdown.js  (357ms)  (pid 30374)
Compiled mercury/regions/simple.js  (283ms)  (pid 30374)
Compiled mercury/regions/snippets.js  (246ms)  (pid 30374)
Compiled mercury/dialogs/backcolor.js  (214ms)  (pid 30374)
Compiled mercury/dialogs/forecolor.js  (202ms)  (pid 30374)
Compiled mercury/dialogs/formatblock.js  (264ms)  (pid 30374)
Compiled mercury/dialogs/snippetpanel.js  (212ms)  (pid 30374)
Compiled mercury/dialogs/style.js  (204ms)  (pid 30374)
Compiled mercury/modals/htmleditor.js  (201ms)  (pid 30374)
Compiled mercury/modals/insertcharacter.js  (196ms)  (pid 30374)
Compiled mercury/modals/insertlink.js  (270ms)  (pid 30374)
Compiled mercury/modals/insertmedia.js  (328ms)  (pid 30374)
Compiled mercury/modals/insertsnippet.js  (199ms)  (pid 30374)
Compiled mercury/modals/inserttable.js  (326ms)  (pid 30374)
Compiled mercury/finalize.js  (220ms)  (pid 30374)
Compiled mercury/mercury.js  (10264ms)  (pid 30374)
Compiled mercury.js  (10280ms)  (pid 30374)
Compiled mercury/bootstrap-ish.css  (0ms)  (pid 30374)
Compiled mercury/bootstrap-overrides.css  (0ms)  (pid 30374)
Compiled mercury/dialog.css  (0ms)  (pid 30374)
Compiled mercury/lightview.css  (1ms)  (pid 30374)
Compiled mercury/modal.css  (0ms)  (pid 30374)
Compiled mercury/statusbar.css  (0ms)  (pid 30374)
Compiled mercury/toolbar.css  (0ms)  (pid 30374)
Compiled mercury/tooltip.css  (0ms)  (pid 30374)
Compiled mercury/uploader.css  (0ms)  (pid 30374)
Compiled mercury/all_images.css  (4ms)  (pid 30374)
Compiled mercury/mercury.css  (64ms)  (pid 30374)
Compiled mercury.css  (79ms)  (pid 30374)
Compiled jquery.js  (5ms)  (pid 30923)
Compiled jquery_ujs.js  (0ms)  (pid 30923)
Compiled application.js  (24ms)  (pid 30923)
Compiled application.css  (1ms)  (pid 30923)
Compiled mercury/dependencies/jquery-ui-1.8.13.custom.js  (1ms)  (pid 30923)
Compiled mercury/dependencies/jquery.additions.js  (0ms)  (pid 30923)
Compiled mercury/dependencies/jquery.htmlClean.js  (0ms)  (pid 30923)
Compiled mercury/dependencies/liquidmetal.js  (0ms)  (pid 30923)
Compiled mercury/dependencies/showdown.js  (1ms)  (pid 30923)
Compiled mercury/native_extensions.js  (270ms)  (pid 30923)
Compiled mercury/page_editor.js  (274ms)  (pid 30923)
Compiled mercury/history_buffer.js  (194ms)  (pid 30923)
Compiled mercury/table_editor.js  (267ms)  (pid 30923)
Compiled mercury/dialog.js  (213ms)  (pid 30923)
Compiled mercury/palette.js  (195ms)  (pid 30923)
Compiled mercury/select.js  (206ms)  (pid 30923)
Compiled mercury/panel.js  (230ms)  (pid 30923)
Compiled mercury/modal.js  (245ms)  (pid 30923)
Compiled mercury/lightview.js  (258ms)  (pid 30923)
Compiled mercury/statusbar.js  (271ms)  (pid 30923)
Compiled mercury/toolbar.js  (228ms)  (pid 30923)
Compiled mercury/toolbar.button.js  (258ms)  (pid 30923)
Compiled mercury/toolbar.button_group.js  (213ms)  (pid 30923)
Compiled mercury/toolbar.expander.js  (214ms)  (pid 30923)
Compiled mercury/tooltip.js  (213ms)  (pid 30923)
Compiled mercury/snippet.js  (288ms)  (pid 30923)
Compiled mercury/snippet_toolbar.js  (218ms)  (pid 30923)
Compiled mercury/region.js  (227ms)  (pid 30923)
Compiled mercury/uploader.js  (264ms)  (pid 30923)
Compiled mercury/regions/full.js  (333ms)  (pid 30923)
Compiled mercury/regions/image.js  (276ms)  (pid 30923)
Compiled mercury/regions/markdown.js  (293ms)  (pid 30923)
Compiled mercury/regions/simple.js  (268ms)  (pid 30923)
Compiled mercury/regions/snippets.js  (240ms)  (pid 30923)
Compiled mercury/dialogs/backcolor.js  (186ms)  (pid 30923)
Compiled mercury/dialogs/forecolor.js  (182ms)  (pid 30923)
Compiled mercury/dialogs/formatblock.js  (238ms)  (pid 30923)
Compiled mercury/dialogs/snippetpanel.js  (186ms)  (pid 30923)
Compiled mercury/dialogs/style.js  (191ms)  (pid 30923)
Compiled mercury/modals/htmleditor.js  (188ms)  (pid 30923)
Compiled mercury/modals/insertcharacter.js  (189ms)  (pid 30923)
Compiled mercury/modals/insertlink.js  (238ms)  (pid 30923)
Compiled mercury/modals/insertmedia.js  (242ms)  (pid 30923)
Compiled mercury/modals/insertsnippet.js  (183ms)  (pid 30923)
Compiled mercury/modals/inserttable.js  (206ms)  (pid 30923)
Compiled mercury/finalize.js  (178ms)  (pid 30923)
Compiled mercury/mercury.js  (13266ms)  (pid 30923)
Compiled mercury.js  (13282ms)  (pid 30923)
Compiled mercury/bootstrap-ish.css  (0ms)  (pid 30923)
Compiled mercury/bootstrap-overrides.css  (0ms)  (pid 30923)
Compiled mercury/dialog.css  (0ms)  (pid 30923)
Compiled mercury/lightview.css  (0ms)  (pid 30923)
Compiled mercury/modal.css  (0ms)  (pid 30923)
Compiled mercury/statusbar.css  (0ms)  (pid 30923)
Compiled mercury/toolbar.css  (0ms)  (pid 30923)
Compiled mercury/tooltip.css  (1ms)  (pid 30923)
Compiled mercury/uploader.css  (0ms)  (pid 30923)
Compiled mercury/all_images.css  (5ms)  (pid 30923)
Compiled mercury/mercury.css  (59ms)  (pid 30923)
Compiled mercury.css  (74ms)  (pid 30923)
Compiled jquery.js  (5ms)  (pid 30923)
Compiled jquery_ujs.js  (1ms)  (pid 30923)
Compiled application.js  (90ms)  (pid 30923)
Compiled application.css  (1ms)  (pid 30923)
Compiled mercury/dependencies/jquery-ui-1.8.13.custom.js  (1ms)  (pid 30923)
Compiled mercury/dependencies/jquery.additions.js  (1ms)  (pid 30923)
Compiled mercury/dependencies/jquery.htmlClean.js  (1ms)  (pid 30923)
Compiled mercury/dependencies/liquidmetal.js  (0ms)  (pid 30923)
Compiled mercury/dependencies/showdown.js  (1ms)  (pid 30923)
Compiled mercury/native_extensions.js  (218ms)  (pid 30923)
Compiled mercury/page_editor.js  (332ms)  (pid 30923)
Compiled mercury/history_buffer.js  (194ms)  (pid 30923)
Compiled mercury/table_editor.js  (268ms)  (pid 30923)
Compiled mercury/dialog.js  (219ms)  (pid 30923)
Compiled mercury/palette.js  (668ms)  (pid 30923)
Compiled mercury/select.js  (225ms)  (pid 30923)
Compiled mercury/panel.js  (236ms)  (pid 30923)
Compiled mercury/modal.js  (249ms)  (pid 30923)
Compiled mercury/lightview.js  (250ms)  (pid 30923)
Compiled mercury/statusbar.js  (216ms)  (pid 30923)
Compiled mercury/toolbar.js  (295ms)  (pid 30923)
Compiled mercury/toolbar.button.js  (264ms)  (pid 30923)
Compiled mercury/toolbar.button_group.js  (212ms)  (pid 30923)
Compiled mercury/toolbar.expander.js  (215ms)  (pid 30923)
Compiled mercury/tooltip.js  (209ms)  (pid 30923)
Compiled mercury/snippet.js  (224ms)  (pid 30923)
Compiled mercury/snippet_toolbar.js  (282ms)  (pid 30923)
Compiled mercury/region.js  (223ms)  (pid 30923)
Compiled mercury/uploader.js  (262ms)  (pid 30923)
Compiled mercury/regions/full.js  (330ms)  (pid 30923)
Compiled mercury/regions/image.js  (220ms)  (pid 30923)
Compiled mercury/regions/markdown.js  (368ms)  (pid 30923)
Compiled mercury/regions/simple.js  (266ms)  (pid 30923)
Compiled mercury/regions/snippets.js  (226ms)  (pid 30923)
Compiled mercury/dialogs/backcolor.js  (182ms)  (pid 30923)
Compiled mercury/dialogs/forecolor.js  (183ms)  (pid 30923)
Compiled mercury/dialogs/formatblock.js  (247ms)  (pid 30923)
Compiled mercury/dialogs/snippetpanel.js  (189ms)  (pid 30923)
Compiled mercury/dialogs/style.js  (194ms)  (pid 30923)
Compiled mercury/modals/htmleditor.js  (187ms)  (pid 30923)
Compiled mercury/modals/insertcharacter.js  (183ms)  (pid 30923)
Compiled mercury/modals/insertlink.js  (235ms)  (pid 30923)
Compiled mercury/modals/insertmedia.js  (302ms)  (pid 30923)
Compiled mercury/modals/insertsnippet.js  (189ms)  (pid 30923)
Compiled mercury/modals/inserttable.js  (220ms)  (pid 30923)
Compiled mercury/finalize.js  (177ms)  (pid 30923)
Compiled mercury/mercury.js  (9930ms)  (pid 30923)
Compiled mercury.js  (9946ms)  (pid 30923)
Compiled mercury/bootstrap-ish.css  (1ms)  (pid 30923)
Compiled mercury/bootstrap-overrides.css  (0ms)  (pid 30923)
Compiled mercury/dialog.css  (0ms)  (pid 30923)
Compiled mercury/lightview.css  (0ms)  (pid 30923)
Compiled mercury/modal.css  (0ms)  (pid 30923)
Compiled mercury/statusbar.css  (0ms)  (pid 30923)
Compiled mercury/toolbar.css  (0ms)  (pid 30923)
Compiled mercury/tooltip.css  (0ms)  (pid 30923)
Compiled mercury/uploader.css  (0ms)  (pid 30923)
Compiled mercury/all_images.css  (5ms)  (pid 30923)
Compiled mercury/mercury.css  (78ms)  (pid 30923)
Compiled mercury.css  (97ms)  (pid 30923)
